#
# A fatal error has been detected by the Java Runtime Environment:
#
#  EXCEPTION_ACCESS_VIOLATION (0xc0000005) at pc=0x00007ffcfe0b28f7, pid=20488, tid=18908
#
# JRE version: Java(TM) SE Runtime Environment (10.0.1+10) (build 10.0.1+10)
# Java VM: Java HotSpot(TM) 64-Bit Server VM (10.0.1+10, mixed mode, tiered, compressed oops, g1 gc, windows-amd64)
# Problematic frame:
# C  [lwjgl_opengl.dll+0x128f7]
#
# No core dump will be written. Minidumps are not enabled by default on client versions of Windows
#
# If you would like to submit a bug report, please visit:
#   http://bugreport.java.com/bugreport/crash.jsp
# The crash happened outside the Java Virtual Machine in native code.
# See problematic frame for where to report the bug.
#

---------------  S U M M A R Y ------------

Command Line: -javaagent:C:\Program Files\JetBrains\IntelliJ IDEA Community Edition 2018.1.3\lib\idea_rt.jar=10804:C:\Program Files\JetBrains\IntelliJ IDEA Community Edition 2018.1.3\bin -Dfile.encoding=UTF-8 game.RacingGame

Host: Intel(R) Core(TM) i5-4460  CPU @ 3.20GHz, 4 cores, 7G,  Windows 10 , 64 bit Build 17134 (10.0.17134.1)
Time: Mon May 28 22:47:11 2018 Eastern Daylight Time elapsed time: 0 seconds (0d 0h 0m 0s)

---------------  T H R E A D  ---------------

Current thread (0x000001cfae944000):  JavaThread "main" [_thread_in_native, id=18908, stack(0x00000084fa000000,0x00000084fa100000)]

Stack: [0x00000084fa000000,0x00000084fa100000],  sp=0x00000084fa0fed38,  free space=1019k
Native frames: (J=compiled Java code, j=interpreted, Vv=VM code, C=native code)
C  [lwjgl_opengl.dll+0x128f7]

Java frames: (J=compiled Java code, j=interpreted, Vv=VM code)
j  org.lwjgl.opengl.GL20.glCreateProgram()I+0
j  engine.ShaderProgram.<init>(Ljava/lang/String;Ljava/lang/String;Ljava/lang/String;[Ljava/lang/String;)V+16
j  game.Shaders.<clinit>()V+34
v  ~StubRoutines::call_stub
j  game.RacingGame.run()V+3
j  game.RacingGame.main([Ljava/lang/String;)V+7
v  ~StubRoutines::call_stub

siginfo: EXCEPTION_ACCESS_VIOLATION (0xc0000005), reading address 0x0000000000000878


Register to memory mapping:

RIP=0x00007ffcfe0b28f7 lwjgl_opengl.dll
RAX=0x0000000073aede50 jvm.dll
RBX={method} {0x000001cfd24cb0f8} 'glCreateProgram' '()I' in 'org/lwjgl/opengl/GL20'
RCX=0x0000000000000000 is an unknown value
RDX=0x00000084fa0fedb8 is pointing into the stack for thread: 0x000001cfae944000
RSP=0x00000084fa0fed38 is pointing into the stack for thread: 0x000001cfae944000
RBP=0x00000084fa0feda8 is pointing into the stack for thread: 0x000001cfae944000
RSI=0x000001cfd1f55dc8 is pointing into metadata
RDI=0x0000000000057230 is an unknown value
R8 =0x0000000000000008 is an unknown value
R9 =0x000001cfae934580 is an unknown value
R10=0x000001cfbb4cf2e8 is at code_begin+1000 in an Interpreter codelet
method entry point (kind = native)  [0x000001cfbb4cef00, 0x000001cfbb4cfa60]  2912 bytes
R11=0x000000008845e5e0 is an oop
java.lang.Class 
{0x000000008845e5e0} - klass: 'java/lang/Class'
R12=0x0000000000000000 is an unknown value
R13=0x000001cfd24cb0e8 is pointing into metadata
R14=0x00000084fa0fedc0 is pointing into the stack for thread: 0x000001cfae944000
R15=0x000001cfae944000 is a thread


Registers:
RAX=0x0000000073aede50, RBX=0x000001cfd24cb0f0, RCX=0x0000000000000000, RDX=0x00000084fa0fedb8
RSP=0x00000084fa0fed38, RBP=0x00000084fa0feda8, RSI=0x000001cfd1f55dc8, RDI=0x0000000000057230
R8 =0x0000000000000008, R9 =0x000001cfae934580, R10=0x000001cfbb4cf2e8, R11=0x000000008845e5e0
R12=0x0000000000000000, R13=0x000001cfd24cb0e8, R14=0x00000084fa0fedc0, R15=0x000001cfae944000
RIP=0x00007ffcfe0b28f7, EFLAGS=0x0000000000010202

Top of Stack: (sp=0x00000084fa0fed38)
0x00000084fa0fed38:   000001cfbb4cf317 000001cfd1f55dc8
0x00000084fa0fed48:   0000000000000000 0000000000057230
0x00000084fa0fed58:   000001cfbb4cefb6 00000084fa0fed60
0x00000084fa0fed68:   000001cfd24cb0e8 00000084fa0fedc0
0x00000084fa0fed78:   000001cfd24d9568 0000000000000000
0x00000084fa0fed88:   000000008845e5e0 000001cfd24cb0f0
0x00000084fa0fed98:   0000000000000000 00000084fa0fedc8
0x00000084fa0feda8:   00000084fa0fee18 000001cfbb4c9b40
0x00000084fa0fedb8:   000000008845e5e0 000001cfbb4cc256
0x00000084fa0fedc8:   0000000088431c10 00000084fa0fedd0
0x00000084fa0fedd8:   000001cfd24c6ec8 00000084fa0fee70
0x00000084fa0fede8:   000001cfd24c7650 0000000000000000
0x00000084fa0fedf8:   0000000088431a90 000001cfd24c6fb0
0x00000084fa0fee08:   00000084fa0fedc8 00000084fa0fee50
0x00000084fa0fee18:   00000084fa0feec8 000001cfbb4ca103
0x00000084fa0fee28:   0000000000000000 0000000000000000 

Instructions: (pc=0x00007ffcfe0b28f7)
0x00007ffcfe0b28d7:   8b 44 24 28 41 8b d1 41 8b cb 4c 8b 50 18 49 ff
0x00007ffcfe0b28e7:   a2 b8 15 00 00 cc cc cc cc 48 8b 01 48 8b 48 18
0x00007ffcfe0b28f7:   48 8b 81 78 08 00 00 48 ff e0 cc cc cc cc cc cc
0x00007ffcfe0b2907:   cc cc cc cc cc cc cc cc cc 48 8b 01 41 8b c8 48 



---------------  P R O C E S S  ---------------

Threads class SMR info:
_java_thread_list=0x000001cfd2c9bef0, length=12, elements={
0x000001cfae944000, 0x000001cfd1d14800, 0x000001cfd1d17000, 0x000001cfd1d19800,
0x000001cfd2672800, 0x000001cfd1d21800, 0x000001cfd1d24000, 0x000001cfd1d2f800,
0x000001cfd1d39000, 0x000001cfd2aa1800, 0x000001cfd2b94000, 0x000001cfd2b95000
}

Java Threads: ( => current thread )
=>0x000001cfae944000 JavaThread "main" [_thread_in_native, id=18908, stack(0x00000084fa000000,0x00000084fa100000)]
  0x000001cfd1d14800 JavaThread "Reference Handler" daemon [_thread_blocked, id=17448, stack(0x00000084fad00000,0x00000084fae00000)]
  0x000001cfd1d17000 JavaThread "Finalizer" daemon [_thread_blocked, id=21244, stack(0x00000084fae00000,0x00000084faf00000)]
  0x000001cfd1d19800 JavaThread "Signal Dispatcher" daemon [_thread_blocked, id=7240, stack(0x00000084faf00000,0x00000084fb000000)]
  0x000001cfd2672800 JavaThread "Attach Listener" daemon [_thread_blocked, id=20732, stack(0x00000084fb000000,0x00000084fb100000)]
  0x000001cfd1d21800 JavaThread "C2 CompilerThread0" daemon [_thread_blocked, id=888, stack(0x00000084fb100000,0x00000084fb200000)]
  0x000001cfd1d24000 JavaThread "C2 CompilerThread1" daemon [_thread_blocked, id=14840, stack(0x00000084fb200000,0x00000084fb300000)]
  0x000001cfd1d2f800 JavaThread "C1 CompilerThread2" daemon [_thread_blocked, id=2176, stack(0x00000084fb300000,0x00000084fb400000)]
  0x000001cfd1d39000 JavaThread "Sweeper thread" daemon [_thread_blocked, id=17788, stack(0x00000084fb400000,0x00000084fb500000)]
  0x000001cfd2aa1800 JavaThread "Common-Cleaner" daemon [_thread_blocked, id=20932, stack(0x00000084fb500000,0x00000084fb600000)]
  0x000001cfd2b94000 JavaThread "Monitor Ctrl-Break" daemon [_thread_in_native, id=9756, stack(0x00000084fb600000,0x00000084fb700000)]
  0x000001cfd2b95000 JavaThread "Service Thread" daemon [_thread_blocked, id=10968, stack(0x00000084fb700000,0x00000084fb800000)]

Other Threads:
  0x000001cfd1d00000 VMThread "VM Thread" [stack: 0x00000084fac00000,0x00000084fad00000] [id=6740]
  0x000001cfd2ca8800 WatcherThread [stack: 0x00000084fb800000,0x00000084fb900000] [id=4628]
  0x000001cfae95d000 GCTaskThread "GC Thread#0" [stack: 0x00000084fa100000,0x00000084fa200000] [id=9464]
  0x000001cfae95e800 GCTaskThread "GC Thread#1" [stack: 0x00000084fa200000,0x00000084fa300000] [id=4804]
  0x000001cfae960800 GCTaskThread "GC Thread#2" [stack: 0x00000084fa300000,0x00000084fa400000] [id=18060]
  0x000001cfae962000 GCTaskThread "GC Thread#3" [stack: 0x00000084fa400000,0x00000084fa500000] [id=5628]
  0x000001cfae9dc800 ConcurrentGCThread "G1 Main Marker" [stack: 0x00000084fa500000,0x00000084fa600000] [id=5396]
  0x000001cfae9dd000 ConcurrentGCThread "G1 Conc#0" [stack: 0x00000084fa600000,0x00000084fa700000] [id=20368]
  0x000001cfd1b7e800 ConcurrentGCThread "G1 Refine#0" [stack: 0x00000084fa700000,0x00000084fa800000] [id=8572]
  0x000001cfd1b7f000 ConcurrentGCThread "G1 Refine#1" [stack: 0x00000084fa800000,0x00000084fa900000] [id=19348]
  0x000001cfd1b80000 ConcurrentGCThread "G1 Refine#2" [stack: 0x00000084fa900000,0x00000084faa00000] [id=19700]
  0x000001cfd1b97800 ConcurrentGCThread "G1 Refine#3" [stack: 0x00000084faa00000,0x00000084fab00000] [id=16496]
  0x000001cfd1b99800 ConcurrentGCThread "G1 Young RemSet Sampling" [stack: 0x00000084fab00000,0x00000084fac00000] [id=10748]

Threads with active compile tasks:

VM state:not at safepoint (normal execution)

VM Mutex/Monitor currently owned by a thread: None

Heap address: 0x0000000080e00000, size: 2034 MB, Compressed Oops mode: 32-bit
Narrow klass base: 0x0000000000000000, Narrow klass shift: 3
Compressed class space size: 1073741824 Address: 0x0000000100000000

Heap:
 garbage-first heap   total 131072K, used 9216K [0x0000000080e00000, 0x0000000100000000)
  region size 1024K, 10 young (10240K), 0 survivors (0K)
 Metaspace       used 8502K, capacity 8665K, committed 8704K, reserved 1056768K
  class space    used 693K, capacity 763K, committed 768K, reserved 1048576K
Heap Regions: E=young(eden), S=young(survivor), O=old, HS=humongous(starts), HC=humongous(continues), CS=collection set, F=free, A=archive, TS=gc time stamp, AC=allocation context, TAMS=top-at-mark-start (previous, next)
|   0|0x0000000080e00000, 0x0000000080e00000, 0x0000000080f00000|  0%| F|  |TS  0|AC  0|TAMS 0x0000000080e00000, 0x0000000080e00000|
|   1|0x0000000080f00000, 0x0000000080f00000, 0x0000000081000000|  0%| F|  |TS  0|AC  0|TAMS 0x0000000080f00000, 0x0000000080f00000|
|   2|0x0000000081000000, 0x0000000081000000, 0x0000000081100000|  0%| F|  |TS  0|AC  0|TAMS 0x0000000081000000, 0x0000000081000000|
|   3|0x0000000081100000, 0x0000000081100000, 0x0000000081200000|  0%| F|  |TS  0|AC  0|TAMS 0x0000000081100000, 0x0000000081100000|
|   4|0x0000000081200000, 0x0000000081200000, 0x0000000081300000|  0%| F|  |TS  0|AC  0|TAMS 0x0000000081200000, 0x0000000081200000|
|   5|0x0000000081300000, 0x0000000081300000, 0x0000000081400000|  0%| F|  |TS  0|AC  0|TAMS 0x0000000081300000, 0x0000000081300000|
|   6|0x0000000081400000, 0x0000000081400000, 0x0000000081500000|  0%| F|  |TS  0|AC  0|TAMS 0x0000000081400000, 0x0000000081400000|
|   7|0x0000000081500000, 0x0000000081500000, 0x0000000081600000|  0%| F|  |TS  0|AC  0|TAMS 0x0000000081500000, 0x0000000081500000|
|   8|0x0000000081600000, 0x0000000081600000, 0x0000000081700000|  0%| F|  |TS  0|AC  0|TAMS 0x0000000081600000, 0x0000000081600000|
|   9|0x0000000081700000, 0x0000000081700000, 0x0000000081800000|  0%| F|  |TS  0|AC  0|TAMS 0x0000000081700000, 0x0000000081700000|
|  10|0x0000000081800000, 0x0000000081800000, 0x0000000081900000|  0%| F|  |TS  0|AC  0|TAMS 0x0000000081800000, 0x0000000081800000|
|  11|0x0000000081900000, 0x0000000081900000, 0x0000000081a00000|  0%| F|  |TS  0|AC  0|TAMS 0x0000000081900000, 0x0000000081900000|
|  12|0x0000000081a00000, 0x0000000081a00000, 0x0000000081b00000|  0%| F|  |TS  0|AC  0|TAMS 0x0000000081a00000, 0x0000000081a00000|
|  13|0x0000000081b00000, 0x0000000081b00000, 0x0000000081c00000|  0%| F|  |TS  0|AC  0|TAMS 0x0000000081b00000, 0x0000000081b00000|
|  14|0x0000000081c00000, 0x0000000081c00000, 0x0000000081d00000|  0%| F|  |TS  0|AC  0|TAMS 0x0000000081c00000, 0x0000000081c00000|
|  15|0x0000000081d00000, 0x0000000081d00000, 0x0000000081e00000|  0%| F|  |TS  0|AC  0|TAMS 0x0000000081d00000, 0x0000000081d00000|
|  16|0x0000000081e00000, 0x0000000081e00000, 0x0000000081f00000|  0%| F|  |TS  0|AC  0|TAMS 0x0000000081e00000, 0x0000000081e00000|
|  17|0x0000000081f00000, 0x0000000081f00000, 0x0000000082000000|  0%| F|  |TS  0|AC  0|TAMS 0x0000000081f00000, 0x0000000081f00000|
|  18|0x0000000082000000, 0x0000000082000000, 0x0000000082100000|  0%| F|  |TS  0|AC  0|TAMS 0x0000000082000000, 0x0000000082000000|
|  19|0x0000000082100000, 0x0000000082100000, 0x0000000082200000|  0%| F|  |TS  0|AC  0|TAMS 0x0000000082100000, 0x0000000082100000|
|  20|0x0000000082200000, 0x0000000082200000, 0x0000000082300000|  0%| F|  |TS  0|AC  0|TAMS 0x0000000082200000, 0x0000000082200000|
|  21|0x0000000082300000, 0x0000000082300000, 0x0000000082400000|  0%| F|  |TS  0|AC  0|TAMS 0x0000000082300000, 0x0000000082300000|
|  22|0x0000000082400000, 0x0000000082400000, 0x0000000082500000|  0%| F|  |TS  0|AC  0|TAMS 0x0000000082400000, 0x0000000082400000|
|  23|0x0000000082500000, 0x0000000082500000, 0x0000000082600000|  0%| F|  |TS  0|AC  0|TAMS 0x0000000082500000, 0x0000000082500000|
|  24|0x0000000082600000, 0x0000000082600000, 0x0000000082700000|  0%| F|  |TS  0|AC  0|TAMS 0x0000000082600000, 0x0000000082600000|
|  25|0x0000000082700000, 0x0000000082700000, 0x0000000082800000|  0%| F|  |TS  0|AC  0|TAMS 0x0000000082700000, 0x0000000082700000|
|  26|0x0000000082800000, 0x0000000082800000, 0x0000000082900000|  0%| F|  |TS  0|AC  0|TAMS 0x0000000082800000, 0x0000000082800000|
|  27|0x0000000082900000, 0x0000000082900000, 0x0000000082a00000|  0%| F|  |TS  0|AC  0|TAMS 0x0000000082900000, 0x0000000082900000|
|  28|0x0000000082a00000, 0x0000000082a00000, 0x0000000082b00000|  0%| F|  |TS  0|AC  0|TAMS 0x0000000082a00000, 0x0000000082a00000|
|  29|0x0000000082b00000, 0x0000000082b00000, 0x0000000082c00000|  0%| F|  |TS  0|AC  0|TAMS 0x0000000082b00000, 0x0000000082b00000|
|  30|0x0000000082c00000, 0x0000000082c00000, 0x0000000082d00000|  0%| F|  |TS  0|AC  0|TAMS 0x0000000082c00000, 0x0000000082c00000|
|  31|0x0000000082d00000, 0x0000000082d00000, 0x0000000082e00000|  0%| F|  |TS  0|AC  0|TAMS 0x0000000082d00000, 0x0000000082d00000|
|  32|0x0000000082e00000, 0x0000000082e00000, 0x0000000082f00000|  0%| F|  |TS  0|AC  0|TAMS 0x0000000082e00000, 0x0000000082e00000|
|  33|0x0000000082f00000, 0x0000000082f00000, 0x0000000083000000|  0%| F|  |TS  0|AC  0|TAMS 0x0000000082f00000, 0x0000000082f00000|
|  34|0x0000000083000000, 0x0000000083000000, 0x0000000083100000|  0%| F|  |TS  0|AC  0|TAMS 0x0000000083000000, 0x0000000083000000|
|  35|0x0000000083100000, 0x0000000083100000, 0x0000000083200000|  0%| F|  |TS  0|AC  0|TAMS 0x0000000083100000, 0x0000000083100000|
|  36|0x0000000083200000, 0x0000000083200000, 0x0000000083300000|  0%| F|  |TS  0|AC  0|TAMS 0x0000000083200000, 0x0000000083200000|
|  37|0x0000000083300000, 0x0000000083300000, 0x0000000083400000|  0%| F|  |TS  0|AC  0|TAMS 0x0000000083300000, 0x0000000083300000|
|  38|0x0000000083400000, 0x0000000083400000, 0x0000000083500000|  0%| F|  |TS  0|AC  0|TAMS 0x0000000083400000, 0x0000000083400000|
|  39|0x0000000083500000, 0x0000000083500000, 0x0000000083600000|  0%| F|  |TS  0|AC  0|TAMS 0x0000000083500000, 0x0000000083500000|
|  40|0x0000000083600000, 0x0000000083600000, 0x0000000083700000|  0%| F|  |TS  0|AC  0|TAMS 0x0000000083600000, 0x0000000083600000|
|  41|0x0000000083700000, 0x0000000083700000, 0x0000000083800000|  0%| F|  |TS  0|AC  0|TAMS 0x0000000083700000, 0x0000000083700000|
|  42|0x0000000083800000, 0x0000000083800000, 0x0000000083900000|  0%| F|  |TS  0|AC  0|TAMS 0x0000000083800000, 0x0000000083800000|
|  43|0x0000000083900000, 0x0000000083900000, 0x0000000083a00000|  0%| F|  |TS  0|AC  0|TAMS 0x0000000083900000, 0x0000000083900000|
|  44|0x0000000083a00000, 0x0000000083a00000, 0x0000000083b00000|  0%| F|  |TS  0|AC  0|TAMS 0x0000000083a00000, 0x0000000083a00000|
|  45|0x0000000083b00000, 0x0000000083b00000, 0x0000000083c00000|  0%| F|  |TS  0|AC  0|TAMS 0x0000000083b00000, 0x0000000083b00000|
|  46|0x0000000083c00000, 0x0000000083c00000, 0x0000000083d00000|  0%| F|  |TS  0|AC  0|TAMS 0x0000000083c00000, 0x0000000083c00000|
|  47|0x0000000083d00000, 0x0000000083d00000, 0x0000000083e00000|  0%| F|  |TS  0|AC  0|TAMS 0x0000000083d00000, 0x0000000083d00000|
|  48|0x0000000083e00000, 0x0000000083e00000, 0x0000000083f00000|  0%| F|  |TS  0|AC  0|TAMS 0x0000000083e00000, 0x0000000083e00000|
|  49|0x0000000083f00000, 0x0000000083f00000, 0x0000000084000000|  0%| F|  |TS  0|AC  0|TAMS 0x0000000083f00000, 0x0000000083f00000|
|  50|0x0000000084000000, 0x0000000084000000, 0x0000000084100000|  0%| F|  |TS  0|AC  0|TAMS 0x0000000084000000, 0x0000000084000000|
|  51|0x0000000084100000, 0x0000000084100000, 0x0000000084200000|  0%| F|  |TS  0|AC  0|TAMS 0x0000000084100000, 0x0000000084100000|
|  52|0x0000000084200000, 0x0000000084200000, 0x0000000084300000|  0%| F|  |TS  0|AC  0|TAMS 0x0000000084200000, 0x0000000084200000|
|  53|0x0000000084300000, 0x0000000084300000, 0x0000000084400000|  0%| F|  |TS  0|AC  0|TAMS 0x0000000084300000, 0x0000000084300000|
|  54|0x0000000084400000, 0x0000000084400000, 0x0000000084500000|  0%| F|  |TS  0|AC  0|TAMS 0x0000000084400000, 0x0000000084400000|
|  55|0x0000000084500000, 0x0000000084500000, 0x0000000084600000|  0%| F|  |TS  0|AC  0|TAMS 0x0000000084500000, 0x0000000084500000|
|  56|0x0000000084600000, 0x0000000084600000, 0x0000000084700000|  0%| F|  |TS  0|AC  0|TAMS 0x0000000084600000, 0x0000000084600000|
|  57|0x0000000084700000, 0x0000000084700000, 0x0000000084800000|  0%| F|  |TS  0|AC  0|TAMS 0x0000000084700000, 0x0000000084700000|
|  58|0x0000000084800000, 0x0000000084800000, 0x0000000084900000|  0%| F|  |TS  0|AC  0|TAMS 0x0000000084800000, 0x0000000084800000|
|  59|0x0000000084900000, 0x0000000084900000, 0x0000000084a00000|  0%| F|  |TS  0|AC  0|TAMS 0x0000000084900000, 0x0000000084900000|
|  60|0x0000000084a00000, 0x0000000084a00000, 0x0000000084b00000|  0%| F|  |TS  0|AC  0|TAMS 0x0000000084a00000, 0x0000000084a00000|
|  61|0x0000000084b00000, 0x0000000084b00000, 0x0000000084c00000|  0%| F|  |TS  0|AC  0|TAMS 0x0000000084b00000, 0x0000000084b00000|
|  62|0x0000000084c00000, 0x0000000084c00000, 0x0000000084d00000|  0%| F|  |TS  0|AC  0|TAMS 0x0000000084c00000, 0x0000000084c00000|
|  63|0x0000000084d00000, 0x0000000084d00000, 0x0000000084e00000|  0%| F|  |TS  0|AC  0|TAMS 0x0000000084d00000, 0x0000000084d00000|
|  64|0x0000000084e00000, 0x0000000084e00000, 0x0000000084f00000|  0%| F|  |TS  0|AC  0|TAMS 0x0000000084e00000, 0x0000000084e00000|
|  65|0x0000000084f00000, 0x0000000084f00000, 0x0000000085000000|  0%| F|  |TS  0|AC  0|TAMS 0x0000000084f00000, 0x0000000084f00000|
|  66|0x0000000085000000, 0x0000000085000000, 0x0000000085100000|  0%| F|  |TS  0|AC  0|TAMS 0x0000000085000000, 0x0000000085000000|
|  67|0x0000000085100000, 0x0000000085100000, 0x0000000085200000|  0%| F|  |TS  0|AC  0|TAMS 0x0000000085100000, 0x0000000085100000|
|  68|0x0000000085200000, 0x0000000085200000, 0x0000000085300000|  0%| F|  |TS  0|AC  0|TAMS 0x0000000085200000, 0x0000000085200000|
|  69|0x0000000085300000, 0x0000000085300000, 0x0000000085400000|  0%| F|  |TS  0|AC  0|TAMS 0x0000000085300000, 0x0000000085300000|
|  70|0x0000000085400000, 0x0000000085400000, 0x0000000085500000|  0%| F|  |TS  0|AC  0|TAMS 0x0000000085400000, 0x0000000085400000|
|  71|0x0000000085500000, 0x0000000085500000, 0x0000000085600000|  0%| F|  |TS  0|AC  0|TAMS 0x0000000085500000, 0x0000000085500000|
|  72|0x0000000085600000, 0x0000000085600000, 0x0000000085700000|  0%| F|  |TS  0|AC  0|TAMS 0x0000000085600000, 0x0000000085600000|
|  73|0x0000000085700000, 0x0000000085700000, 0x0000000085800000|  0%| F|  |TS  0|AC  0|TAMS 0x0000000085700000, 0x0000000085700000|
|  74|0x0000000085800000, 0x0000000085800000, 0x0000000085900000|  0%| F|  |TS  0|AC  0|TAMS 0x0000000085800000, 0x0000000085800000|
|  75|0x0000000085900000, 0x0000000085900000, 0x0000000085a00000|  0%| F|  |TS  0|AC  0|TAMS 0x0000000085900000, 0x0000000085900000|
|  76|0x0000000085a00000, 0x0000000085a00000, 0x0000000085b00000|  0%| F|  |TS  0|AC  0|TAMS 0x0000000085a00000, 0x0000000085a00000|
|  77|0x0000000085b00000, 0x0000000085b00000, 0x0000000085c00000|  0%| F|  |TS  0|AC  0|TAMS 0x0000000085b00000, 0x0000000085b00000|
|  78|0x0000000085c00000, 0x0000000085c00000, 0x0000000085d00000|  0%| F|  |TS  0|AC  0|TAMS 0x0000000085c00000, 0x0000000085c00000|
|  79|0x0000000085d00000, 0x0000000085d00000, 0x0000000085e00000|  0%| F|  |TS  0|AC  0|TAMS 0x0000000085d00000, 0x0000000085d00000|
|  80|0x0000000085e00000, 0x0000000085e00000, 0x0000000085f00000|  0%| F|  |TS  0|AC  0|TAMS 0x0000000085e00000, 0x0000000085e00000|
|  81|0x0000000085f00000, 0x0000000085f00000, 0x0000000086000000|  0%| F|  |TS  0|AC  0|TAMS 0x0000000085f00000, 0x0000000085f00000|
|  82|0x0000000086000000, 0x0000000086000000, 0x0000000086100000|  0%| F|  |TS  0|AC  0|TAMS 0x0000000086000000, 0x0000000086000000|
|  83|0x0000000086100000, 0x0000000086100000, 0x0000000086200000|  0%| F|  |TS  0|AC  0|TAMS 0x0000000086100000, 0x0000000086100000|
|  84|0x0000000086200000, 0x0000000086200000, 0x0000000086300000|  0%| F|  |TS  0|AC  0|TAMS 0x0000000086200000, 0x0000000086200000|
|  85|0x0000000086300000, 0x0000000086300000, 0x0000000086400000|  0%| F|  |TS  0|AC  0|TAMS 0x0000000086300000, 0x0000000086300000|
|  86|0x0000000086400000, 0x0000000086400000, 0x0000000086500000|  0%| F|  |TS  0|AC  0|TAMS 0x0000000086400000, 0x0000000086400000|
|  87|0x0000000086500000, 0x0000000086500000, 0x0000000086600000|  0%| F|  |TS  0|AC  0|TAMS 0x0000000086500000, 0x0000000086500000|
|  88|0x0000000086600000, 0x0000000086600000, 0x0000000086700000|  0%| F|  |TS  0|AC  0|TAMS 0x0000000086600000, 0x0000000086600000|
|  89|0x0000000086700000, 0x0000000086700000, 0x0000000086800000|  0%| F|  |TS  0|AC  0|TAMS 0x0000000086700000, 0x0000000086700000|
|  90|0x0000000086800000, 0x0000000086800000, 0x0000000086900000|  0%| F|  |TS  0|AC  0|TAMS 0x0000000086800000, 0x0000000086800000|
|  91|0x0000000086900000, 0x0000000086900000, 0x0000000086a00000|  0%| F|  |TS  0|AC  0|TAMS 0x0000000086900000, 0x0000000086900000|
|  92|0x0000000086a00000, 0x0000000086a00000, 0x0000000086b00000|  0%| F|  |TS  0|AC  0|TAMS 0x0000000086a00000, 0x0000000086a00000|
|  93|0x0000000086b00000, 0x0000000086b00000, 0x0000000086c00000|  0%| F|  |TS  0|AC  0|TAMS 0x0000000086b00000, 0x0000000086b00000|
|  94|0x0000000086c00000, 0x0000000086c00000, 0x0000000086d00000|  0%| F|  |TS  0|AC  0|TAMS 0x0000000086c00000, 0x0000000086c00000|
|  95|0x0000000086d00000, 0x0000000086d00000, 0x0000000086e00000|  0%| F|  |TS  0|AC  0|TAMS 0x0000000086d00000, 0x0000000086d00000|
|  96|0x0000000086e00000, 0x0000000086e00000, 0x0000000086f00000|  0%| F|  |TS  0|AC  0|TAMS 0x0000000086e00000, 0x0000000086e00000|
|  97|0x0000000086f00000, 0x0000000086f00000, 0x0000000087000000|  0%| F|  |TS  0|AC  0|TAMS 0x0000000086f00000, 0x0000000086f00000|
|  98|0x0000000087000000, 0x0000000087000000, 0x0000000087100000|  0%| F|  |TS  0|AC  0|TAMS 0x0000000087000000, 0x0000000087000000|
|  99|0x0000000087100000, 0x0000000087100000, 0x0000000087200000|  0%| F|  |TS  0|AC  0|TAMS 0x0000000087100000, 0x0000000087100000|
| 100|0x0000000087200000, 0x0000000087200000, 0x0000000087300000|  0%| F|  |TS  0|AC  0|TAMS 0x0000000087200000, 0x0000000087200000|
| 101|0x0000000087300000, 0x0000000087300000, 0x0000000087400000|  0%| F|  |TS  0|AC  0|TAMS 0x0000000087300000, 0x0000000087300000|
| 102|0x0000000087400000, 0x0000000087400000, 0x0000000087500000|  0%| F|  |TS  0|AC  0|TAMS 0x0000000087400000, 0x0000000087400000|
| 103|0x0000000087500000, 0x0000000087500000, 0x0000000087600000|  0%| F|  |TS  0|AC  0|TAMS 0x0000000087500000, 0x0000000087500000|
| 104|0x0000000087600000, 0x0000000087600000, 0x0000000087700000|  0%| F|  |TS  0|AC  0|TAMS 0x0000000087600000, 0x0000000087600000|
| 105|0x0000000087700000, 0x0000000087700000, 0x0000000087800000|  0%| F|  |TS  0|AC  0|TAMS 0x0000000087700000, 0x0000000087700000|
| 106|0x0000000087800000, 0x0000000087800000, 0x0000000087900000|  0%| F|  |TS  0|AC  0|TAMS 0x0000000087800000, 0x0000000087800000|
| 107|0x0000000087900000, 0x0000000087900000, 0x0000000087a00000|  0%| F|  |TS  0|AC  0|TAMS 0x0000000087900000, 0x0000000087900000|
| 108|0x0000000087a00000, 0x0000000087a00000, 0x0000000087b00000|  0%| F|  |TS  0|AC  0|TAMS 0x0000000087a00000, 0x0000000087a00000|
| 109|0x0000000087b00000, 0x0000000087b00000, 0x0000000087c00000|  0%| F|  |TS  0|AC  0|TAMS 0x0000000087b00000, 0x0000000087b00000|
| 110|0x0000000087c00000, 0x0000000087c00000, 0x0000000087d00000|  0%| F|  |TS  0|AC  0|TAMS 0x0000000087c00000, 0x0000000087c00000|
| 111|0x0000000087d00000, 0x0000000087d00000, 0x0000000087e00000|  0%| F|  |TS  0|AC  0|TAMS 0x0000000087d00000, 0x0000000087d00000|
| 112|0x0000000087e00000, 0x0000000087e00000, 0x0000000087f00000|  0%| F|  |TS  0|AC  0|TAMS 0x0000000087e00000, 0x0000000087e00000|
| 113|0x0000000087f00000, 0x0000000087f00000, 0x0000000088000000|  0%| F|  |TS  0|AC  0|TAMS 0x0000000087f00000, 0x0000000087f00000|
| 114|0x0000000088000000, 0x0000000088000000, 0x0000000088100000|  0%| F|  |TS  0|AC  0|TAMS 0x0000000088000000, 0x0000000088000000|
| 115|0x0000000088100000, 0x0000000088100000, 0x0000000088200000|  0%| F|  |TS  0|AC  0|TAMS 0x0000000088100000, 0x0000000088100000|
| 116|0x0000000088200000, 0x0000000088200000, 0x0000000088300000|  0%| F|  |TS  0|AC  0|TAMS 0x0000000088200000, 0x0000000088200000|
| 117|0x0000000088300000, 0x0000000088300000, 0x0000000088400000|  0%| F|  |TS  0|AC  0|TAMS 0x0000000088300000, 0x0000000088300000|
| 118|0x0000000088400000, 0x00000000884e3650, 0x0000000088500000| 88%| E|  |TS  0|AC  0|TAMS 0x0000000088400000, 0x0000000088400000|
| 119|0x0000000088500000, 0x0000000088600000, 0x0000000088600000|100%| E|CS|TS  0|AC  0|TAMS 0x0000000088500000, 0x0000000088500000|
| 120|0x0000000088600000, 0x0000000088700000, 0x0000000088700000|100%| E|CS|TS  0|AC  0|TAMS 0x0000000088600000, 0x0000000088600000|
| 121|0x0000000088700000, 0x0000000088800000, 0x0000000088800000|100%| E|CS|TS  0|AC  0|TAMS 0x0000000088700000, 0x0000000088700000|
| 122|0x0000000088800000, 0x0000000088900000, 0x0000000088900000|100%| E|CS|TS  0|AC  0|TAMS 0x0000000088800000, 0x0000000088800000|
| 123|0x0000000088900000, 0x0000000088a00000, 0x0000000088a00000|100%| E|CS|TS  0|AC  0|TAMS 0x0000000088900000, 0x0000000088900000|
| 124|0x0000000088a00000, 0x0000000088b00000, 0x0000000088b00000|100%| E|CS|TS  0|AC  0|TAMS 0x0000000088a00000, 0x0000000088a00000|
| 125|0x0000000088b00000, 0x0000000088c00000, 0x0000000088c00000|100%| E|CS|TS  0|AC  0|TAMS 0x0000000088b00000, 0x0000000088b00000|
| 126|0x0000000088c00000, 0x0000000088d00000, 0x0000000088d00000|100%| E|CS|TS  0|AC  0|TAMS 0x0000000088c00000, 0x0000000088c00000|
| 127|0x0000000088d00000, 0x0000000088e00000, 0x0000000088e00000|100%| E|CS|TS  0|AC  0|TAMS 0x0000000088d00000, 0x0000000088d00000|

Card table byte_map: [0x000001cfcaee0000,0x000001cfcb2e0000] byte_map_base: 0x000001cfcaad9000

Marking Bits (Prev, Next): (CMBitMap*) 0x000001cfae9dbac0, (CMBitMap*) 0x000001cfae9dbaf8
 Prev Bits: [0x000001cfcb6e0000, 0x000001cfcd6a8000)
 Next Bits: [0x000001cfcd6b0000, 0x000001cfcf678000)

Polling page: 0x000001cfae900000

CodeHeap 'non-profiled nmethods': size=120064Kb used=208Kb max_used=208Kb free=119855Kb
 bounds [0x000001cfc2f80000, 0x000001cfc31f0000, 0x000001cfca4c0000]
CodeHeap 'profiled nmethods': size=120000Kb used=982Kb max_used=982Kb free=119018Kb
 bounds [0x000001cfbba50000, 0x000001cfbbcc0000, 0x000001cfc2f80000]
CodeHeap 'non-nmethods': size=5696Kb used=1329Kb max_used=1343Kb free=4366Kb
 bounds [0x000001cfbb4c0000, 0x000001cfbb730000, 0x000001cfbba50000]
 total_blobs=1569 nmethods=637 adapters=685
 compilation: enabled

Compilation events (10 events):
Event: 0.418 Thread 0x000001cfd1d2f800  633       3       java.util.regex.Pattern$BmpCharPredicate$$Lambda$10/2015601401::is (13 bytes)
Event: 0.418 Thread 0x000001cfd1d2f800 nmethod 633 0x000001cfbbb40310 code [0x000001cfbbb40500, 0x000001cfbbb408e0]
Event: 0.418 Thread 0x000001cfd1d2f800  634       3       java.util.regex.Pattern$BmpCharPredicate::lambda$union$2 (26 bytes)
Event: 0.418 Thread 0x000001cfd1d2f800 nmethod 634 0x000001cfbbb40a10 code [0x000001cfbbb40be0, 0x000001cfbbb40f60]
Event: 0.421 Thread 0x000001cfd1d2f800  635       1       java.lang.NamedPackage::module (5 bytes)
Event: 0.421 Thread 0x000001cfd1d2f800 nmethod 635 0x000001cfc2fb3010 code [0x000001cfc2fb31c0, 0x000001cfc2fb32d8]
Event: 0.421 Thread 0x000001cfd1d24000  636       4       java.lang.AbstractStringBuilder::append (55 bytes)
Event: 0.421 Thread 0x000001cfd1d2f800  637   !   3       jdk.internal.loader.URLClassPath$JarLoader::ensureOpen (36 bytes)
Event: 0.421 Thread 0x000001cfd1d2f800 nmethod 637 0x000001cfbbb41090 code [0x000001cfbbb41280, 0x000001cfbbb41720]
Event: 0.421 Thread 0x000001cfd1d2f800  638  s!   3       jdk.internal.loader.URLClassPath::getLoader (200 bytes)

GC Heap History (0 events):
No events

Deoptimization events (7 events):
Event: 0.097 Thread 0x000001cfae944000 Uncommon trap: reason=unstable_if action=reinterpret pc=0x000001cfc2f89afc method=java.util.HashMap.putVal(ILjava/lang/Object;Ljava/lang/Object;ZZ)Ljava/lang/Object; @ 69 c2
Event: 0.100 Thread 0x000001cfae944000 Uncommon trap: reason=unstable_if action=reinterpret pc=0x000001cfc2f8a2fc method=java.util.AbstractCollection.isEmpty()Z @ 4 c2
Event: 0.105 Thread 0x000001cfae944000 Uncommon trap: reason=unstable_if action=reinterpret pc=0x000001cfc2f8d3d8 method=java.util.HashMap.putVal(ILjava/lang/Object;Ljava/lang/Object;ZZ)Ljava/lang/Object; @ 69 c2
Event: 0.110 Thread 0x000001cfae944000 Uncommon trap: reason=unstable_if action=reinterpret pc=0x000001cfc2f834ec method=java.lang.String.hashCode()I @ 14 c2
Event: 0.118 Thread 0x000001cfae944000 Uncommon trap: reason=unstable_if action=reinterpret pc=0x000001cfc2f81f78 method=java.lang.String.isLatin1()Z @ 10 c2
Event: 0.172 Thread 0x000001cfae944000 Uncommon trap: reason=unstable_if action=reinterpret pc=0x000001cfc2f90898 method=java.lang.String.charAt(I)C @ 4 c2
Event: 0.240 Thread 0x000001cfae944000 Uncommon trap: reason=bimorphic_or_optimized_type_check action=maybe_recompile pc=0x000001cfc2fa7ef4 method=java.util.HashMap.getNode(ILjava/lang/Object;)Ljava/util/HashMap$Node; @ 126 c2

Classes redefined (0 events):
No events

Internal exceptions (10 events):
Event: 0.211 Thread 0x000001cfae944000 Exception <a 'java/lang/NoSuchMethodError'{0x00000000888a0ef0}: java.lang.Object.lambda$union$2(Ljava/util/regex/Pattern$CharPredicate;I)Z> (0x00000000888a0ef0) thrown at [t:/workspace/open/src/hotspot/share/interpreter/linkResolver.cpp, line 741]
Event: 0.214 Thread 0x000001cfae944000 Exception <a 'java/lang/NoSuchMethodError'{0x00000000888bd5b0}: java.lang.invoke.DirectMethodHandle$Holder.invokeStatic(Ljava/lang/Object;Ljava/lang/Object;)I> (0x00000000888bd5b0) thrown at [t:/workspace/open/src/hotspot/share/interpreter/linkResolver.cp
Event: 0.217 Thread 0x000001cfae944000 Exception <a 'java/lang/NoSuchMethodError'{0x00000000888cefb0}: method resolution failed> (0x00000000888cefb0) thrown at [t:/workspace/open/src/hotspot/share/prims/methodHandles.cpp, line 1226]
Event: 0.217 Thread 0x000001cfae944000 Exception <a 'java/lang/NoSuchMethodError'{0x00000000888d2bb0}: method resolution failed> (0x00000000888d2bb0) thrown at [t:/workspace/open/src/hotspot/share/prims/methodHandles.cpp, line 1226]
Event: 0.217 Thread 0x000001cfae944000 Exception <a 'java/lang/NoSuchMethodError'{0x00000000888d61b0}: java.lang.invoke.DelegatingMethodHandle$Holder.delegate(Ljava/lang/Object;Ljava/lang/Object;ILjava/lang/Object;)V> (0x00000000888d61b0) thrown at [t:/workspace/open/src/hotspot/share/interpre
Event: 0.218 Thread 0x000001cfae944000 Exception <a 'java/lang/NoSuchMethodError'{0x00000000888d9c90}: method resolution failed> (0x00000000888d9c90) thrown at [t:/workspace/open/src/hotspot/share/prims/methodHandles.cpp, line 1226]
Event: 0.218 Thread 0x000001cfae944000 Exception <a 'java/lang/NoSuchMethodError'{0x00000000888e0df8}: java.lang.invoke.DirectMethodHandle$Holder.invokeStaticInit(Ljava/lang/Object;Ljava/lang/Object;Ljava/lang/Object;)Ljava/lang/Object;> (0x00000000888e0df8) thrown at [t:/workspace/open/src/ho
Event: 0.377 Thread 0x000001cfae944000 Exception <a 'java/lang/NoSuchMethodError'{0x0000000088415db0}: java.lang.invoke.DirectMethodHandle$Holder.invokeStatic(Ljava/lang/Object;Ljava/lang/Object;Ljava/lang/Object;)I> (0x0000000088415db0) thrown at [t:/workspace/open/src/hotspot/share/interpret
Event: 0.417 Thread 0x000001cfae944000 Exception <a 'sun/nio/fs/WindowsException'{0x00000000884bfad0}> (0x00000000884bfad0) thrown at [t:/workspace/open/src/hotspot/share/prims/jni.cpp, line 611]
Event: 0.418 Thread 0x000001cfae944000 Exception <a 'sun/nio/fs/WindowsException'{0x00000000884bfff8}> (0x00000000884bfff8) thrown at [t:/workspace/open/src/hotspot/share/prims/jni.cpp, line 611]

Events (10 events):
Event: 0.418 loading class java/nio/file/FileSystemException done
Event: 0.418 Executing VM operation: Deoptimize
Event: 0.418 Executing VM operation: Deoptimize done
Event: 0.418 loading class java/nio/file/NoSuchFileException done
Event: 0.421 loading class org/lwjgl/opengl/GL$1
Event: 0.421 loading class org/lwjgl/opengl/GL$1 done
Event: 0.421 loading class org/lwjgl/opengl/GL$SharedLibraryGL
Event: 0.421 loading class org/lwjgl/opengl/GL$SharedLibraryGL done
Event: 0.421 loading class org/lwjgl/system/SharedLibrary$Delegate
Event: 0.421 loading class org/lwjgl/system/SharedLibrary$Delegate done


Dynamic libraries:
0x00007ff7f98e0000 - 0x00007ff7f991e000 	C:\Program Files\Java\jdk-10.0.1\bin\java.exe
0x00007ffd27350000 - 0x00007ffd27531000 	C:\WINDOWS\SYSTEM32\ntdll.dll
0x00007ffd27020000 - 0x00007ffd270d2000 	C:\WINDOWS\System32\KERNEL32.DLL
0x00007ffd23fb0000 - 0x00007ffd24223000 	C:\WINDOWS\System32\KERNELBASE.dll
0x00007ffd25b30000 - 0x00007ffd25bd1000 	C:\WINDOWS\System32\ADVAPI32.dll
0x00007ffd27150000 - 0x00007ffd271ee000 	C:\WINDOWS\System32\msvcrt.dll
0x00007ffd25ad0000 - 0x00007ffd25b2b000 	C:\WINDOWS\System32\sechost.dll
0x00007ffd25190000 - 0x00007ffd252b4000 	C:\WINDOWS\System32\RPCRT4.dll
0x00007ffd25940000 - 0x00007ffd25ad0000 	C:\WINDOWS\System32\USER32.dll
0x00007ffd24760000 - 0x00007ffd24780000 	C:\WINDOWS\System32\win32u.dll
0x00007ffd25460000 - 0x00007ffd25488000 	C:\WINDOWS\System32\GDI32.dll
0x00007ffd24230000 - 0x00007ffd243c2000 	C:\WINDOWS\System32\gdi32full.dll
0x00007ffd24480000 - 0x00007ffd2451f000 	C:\WINDOWS\System32\msvcp_win.dll
0x00007ffd23e30000 - 0x00007ffd23f2a000 	C:\WINDOWS\System32\ucrtbase.dll
0x00007ffd11230000 - 0x00007ffd11499000 	C:\WINDOWS\WinSxS\amd64_microsoft.windows.common-controls_6595b64144ccf1df_6.0.17134.48_none_b4b2216a3cb4dd3e\COMCTL32.dll
0x00007ffd25600000 - 0x00007ffd25923000 	C:\WINDOWS\System32\combase.dll
0x00007ffd1dee0000 - 0x00007ffd1deea000 	C:\WINDOWS\SYSTEM32\VERSION.dll
0x00007ffd23f30000 - 0x00007ffd23faa000 	C:\WINDOWS\System32\bcryptPrimitives.dll
0x00007ffd272e0000 - 0x00007ffd2730d000 	C:\WINDOWS\System32\IMM32.DLL
0x00007ffcff140000 - 0x00007ffcff22f000 	C:\Program Files\Java\jdk-10.0.1\bin\msvcr120.dll
0x00007ffcfe150000 - 0x00007ffcfe1f6000 	C:\Program Files\Java\jdk-10.0.1\bin\msvcp120.dll
0x00000000731b0000 - 0x0000000073c20000 	C:\Program Files\Java\jdk-10.0.1\bin\server\jvm.dll
0x00007ffd27310000 - 0x00007ffd27318000 	C:\WINDOWS\System32\PSAPI.DLL
0x00007ffd1c170000 - 0x00007ffd1c179000 	C:\WINDOWS\SYSTEM32\WSOCK32.dll
0x00007ffd270e0000 - 0x00007ffd2714c000 	C:\WINDOWS\System32\WS2_32.dll
0x00007ffd21710000 - 0x00007ffd21733000 	C:\WINDOWS\SYSTEM32\WINMM.dll
0x00007ffd216e0000 - 0x00007ffd2170a000 	C:\WINDOWS\SYSTEM32\WINMMBASE.dll
0x00007ffd24520000 - 0x00007ffd24569000 	C:\WINDOWS\System32\cfgmgr32.dll
0x00007ffd218b0000 - 0x00007ffd218bf000 	C:\Program Files\Java\jdk-10.0.1\bin\verify.dll
0x00007ffd13230000 - 0x00007ffd133f9000 	C:\WINDOWS\SYSTEM32\DBGHELP.DLL
0x00007ffd13160000 - 0x00007ffd13189000 	C:\WINDOWS\SYSTEM32\dbgcore.DLL
0x00007ffd17480000 - 0x00007ffd174a7000 	C:\Program Files\Java\jdk-10.0.1\bin\java.dll
0x00007ffd07580000 - 0x00007ffd075aa000 	C:\Program Files\Java\jdk-10.0.1\bin\instrument.dll
0x00007ffd1c250000 - 0x00007ffd1c266000 	C:\Program Files\Java\jdk-10.0.1\bin\zip.dll
0x00007ffd21880000 - 0x00007ffd2188a000 	C:\Program Files\Java\jdk-10.0.1\bin\jimage.dll
0x00007ffd25be0000 - 0x00007ffd27020000 	C:\WINDOWS\System32\SHELL32.dll
0x00007ffd24880000 - 0x00007ffd24929000 	C:\WINDOWS\System32\shcore.dll
0x00007ffd23720000 - 0x00007ffd23e2d000 	C:\WINDOWS\System32\windows.storage.dll
0x00007ffd24e80000 - 0x00007ffd24ed1000 	C:\WINDOWS\System32\shlwapi.dll
0x00007ffd236a0000 - 0x00007ffd236b1000 	C:\WINDOWS\System32\kernel.appcore.dll
0x00007ffd23660000 - 0x00007ffd2367f000 	C:\WINDOWS\System32\profapi.dll
0x00007ffd236d0000 - 0x00007ffd2371c000 	C:\WINDOWS\System32\powrprof.dll
0x00007ffd236c0000 - 0x00007ffd236ca000 	C:\WINDOWS\System32\FLTLIB.DLL
0x00007ffd1b150000 - 0x00007ffd1b16a000 	C:\Program Files\Java\jdk-10.0.1\bin\net.dll
0x00007ffd1e930000 - 0x00007ffd1ea0d000 	C:\WINDOWS\SYSTEM32\WINHTTP.dll
0x00007ffd22ee0000 - 0x00007ffd22f46000 	C:\WINDOWS\system32\mswsock.dll
0x00007ffd0e620000 - 0x00007ffd0e631000 	C:\Program Files\Java\jdk-10.0.1\bin\nio.dll
0x00007ffd02520000 - 0x00007ffd0253a000 	C:\Program Files\JetBrains\IntelliJ IDEA Community Edition 2018.1.3\bin\breakgen64.dll
0x00007ffd024c0000 - 0x00007ffd0251b000 	C:\Users\Brandon Tsang\AppData\Local\Temp\lwjglBrandon Tsang\3.1.6-build-14\lwjgl.dll
0x00007ffcfe640000 - 0x00007ffcfe691000 	C:\Users\BRANDO~1\AppData\Local\Temp\lwjglBrandon Tsang\3.1.6-build-14\glfw.dll
0x00007ffd21ae0000 - 0x00007ffd21b78000 	C:\WINDOWS\system32\uxtheme.dll
0x00007ffcfe100000 - 0x00007ffcfe143000 	C:\WINDOWS\SYSTEM32\dinput8.dll
0x00007ffd1c370000 - 0x00007ffd1c380000 	C:\WINDOWS\SYSTEM32\xinput1_4.dll
0x00007ffd23470000 - 0x00007ffd23497000 	C:\WINDOWS\SYSTEM32\DEVOBJ.dll
0x00007ffd1ada0000 - 0x00007ffd1ae19000 	C:\WINDOWS\SYSTEM32\inputhost.dll
0x00007ffd1eed0000 - 0x00007ffd1f01d000 	C:\WINDOWS\SYSTEM32\wintypes.dll
0x00007ffd21600000 - 0x00007ffd216da000 	C:\WINDOWS\SYSTEM32\CoreMessaging.dll
0x00007ffd1f020000 - 0x00007ffd1f33e000 	C:\WINDOWS\SYSTEM32\CoreUIComponents.dll
0x00007ffd22750000 - 0x00007ffd22781000 	C:\WINDOWS\SYSTEM32\ntmarta.dll
0x00007ffd21d30000 - 0x00007ffd21d59000 	C:\WINDOWS\SYSTEM32\dwmapi.dll
0x00007ffd25010000 - 0x00007ffd25185000 	C:\WINDOWS\System32\MSCTF.dll
0x00007ffd24ee0000 - 0x00007ffd24fa2000 	C:\WINDOWS\System32\OLEAUT32.dll
0x00007ffd22390000 - 0x00007ffd2239c000 	C:\WINDOWS\SYSTEM32\HID.DLL
0x00007ffd249d0000 - 0x00007ffd24e1b000 	C:\WINDOWS\System32\SETUPAPI.DLL
0x00007ffd24780000 - 0x00007ffd247d7000 	C:\WINDOWS\System32\WINTRUST.dll
0x00007ffd23680000 - 0x00007ffd23692000 	C:\WINDOWS\System32\MSASN1.dll
0x00007ffd24570000 - 0x00007ffd24752000 	C:\WINDOWS\System32\CRYPT32.dll
0x00007ffcfe0a0000 - 0x00007ffcfe0ff000 	C:\Users\Brandon Tsang\AppData\Local\Temp\lwjglBrandon Tsang\3.1.6-build-14\lwjgl_opengl.dll
0x00007ffcfce20000 - 0x00007ffcfcf40000 	C:\WINDOWS\SYSTEM32\opengl32.dll
0x00007ffd08780000 - 0x00007ffd087ac000 	C:\WINDOWS\SYSTEM32\GLU32.dll

dbghelp: loaded successfully - version: 4.0.5 - missing functions: none
symbol engine: initialized successfully - sym options: 0x614 - pdb path: .;C:\Program Files\Java\jdk-10.0.1\bin;C:\WINDOWS\SYSTEM32;C:\WINDOWS\WinSxS\amd64_microsoft.windows.common-controls_6595b64144ccf1df_6.0.17134.48_none_b4b2216a3cb4dd3e;C:\Program Files\Java\jdk-10.0.1\bin\server;C:\Program Files\JetBrains\IntelliJ IDEA Community Edition 2018.1.3\bin;C:\Users\Brandon Tsang\AppData\Local\Temp\lwjglBrandon Tsang\3.1.6-build-14;C:\Users\BRANDO~1\AppData\Local\Temp\lwjglBrandon Tsang\3.1.6-build-14

VM Arguments:
jvm_args: -javaagent:C:\Program Files\JetBrains\IntelliJ IDEA Community Edition 2018.1.3\lib\idea_rt.jar=10804:C:\Program Files\JetBrains\IntelliJ IDEA Community Edition 2018.1.3\bin -Dfile.encoding=UTF-8 
java_command: game.RacingGame
java_class_path (initial): D:\Documents\RacingGame\out\production\RacingGame;D:\Documents\RacingGame\lib\joml-1.9.9.jar;D:\Documents\RacingGame\lib\lwjgl-assimp-natives-linux.jar;D:\Documents\RacingGame\lib\lwjgl-assimp-natives-windows.jar;D:\Documents\RacingGame\lib\lwjgl-assimp.jar;D:\Documents\RacingGame\lib\lwjgl-glfw-natives-linux.jar;D:\Documents\RacingGame\lib\lwjgl-glfw-natives-windows.jar;D:\Documents\RacingGame\lib\lwjgl-glfw.jar;D:\Documents\RacingGame\lib\lwjgl-nanovg-natives-linux.jar;D:\Documents\RacingGame\lib\lwjgl-nanovg-natives-windows.jar;D:\Documents\RacingGame\lib\lwjgl-nanovg.jar;D:\Documents\RacingGame\lib\lwjgl-natives-linux.jar;D:\Documents\RacingGame\lib\lwjgl-natives-windows.jar;D:\Documents\RacingGame\lib\lwjgl-nfd-natives-linux.jar;D:\Documents\RacingGame\lib\lwjgl-nfd-natives-windows.jar;D:\Documents\RacingGame\lib\lwjgl-nfd.jar;D:\Documents\RacingGame\lib\lwjgl-openal-natives-linux.jar;D:\Documents\RacingGame\lib\lwjgl-openal-natives-windows.jar;D:\Documents\RacingGame\lib\lwjgl-openal.jar;D:\Documents\RacingGame\lib\lwjgl-opengl-natives-linux.jar;D:\Documents\RacingGame\lib\lwjgl-opengl-natives-windows.jar;D:\Documents\RacingGame\lib\lwjgl-opengl.jar;D:\Documents\RacingGame\lib\lwjgl-par-natives-linux.jar;D:\Documents\RacingGame\lib\lwjgl-par-natives-windows.jar;D:\Documents\RacingGame\lib\lwjgl-par.jar;D:\Documents\RacingGame\lib\lwjgl-remotery-natives-linux.jar;D:\Documents\RacingGame\lib\lwjgl-remotery-natives-windows.jar;D:\Documents\RacingGame\lib\lwjgl-remotery.jar;D:\Documents\RacingGame\lib\lwjgl-stb-natives-linux.jar;D:\Documents\RacingGame\lib\lwjgl-stb-natives-windows.jar;D:\Documents\RacingGame\lib\lwjgl-stb.jar;D:\Documents\RacingGame\lib\lwjgl-tootle-natives-linux.jar;D:\Documents\RacingGame\lib\lwjgl-tootle-natives-windows.jar;D:\Documents\RacingGame\lib\lwjgl-tootle.jar;D:\Documents\RacingGame\lib\lwjgl-vulkan.jar;D:\Documents\RacingGame\lib\lwjgl-yoga-natives-linux.jar;D:\Documents\RacingGame\lib\lwjgl-yoga-natives-
Launcher Type: SUN_STANDARD

Logging:
Log output configuration:
#0: stdout all=warning uptime,level,tags
#1: stderr all=off uptime,level,tags

Environment Variables:
PATH=C:\Program Files (x86)\Common Files\Oracle\Java\javapath;C:\Program Files\Java\jdk-9.0.1\bin;C:\ProgramData\Oracle\Java\javapath;C:\Program Files\Python36\Scripts\;C:\Program Files\Python36\;C:\WINDOWS\system32;C:\WINDOWS;C:\WINDOWS\System32\Wbem;C:\WINDOWS\System32\WindowsPowerShell\v1.0\;C:\Android;C:\Windows\System32;C:\Program Files\nodejs\;C:\WINDOWS\System32\OpenSSH\;C:\Program Files\Git\cmd;C:\Program Files\Gource\cmd;C:\Program Files\apache-maven-3.5.3\bin;C:\Ruby24-x64\bin;C:\Program Files\Java\jdk-9.0.1\bin;C:\Users\Brandon Tsang\AppData\Local\Microsoft\WindowsApps;C:\Users\Brandon Tsang\AppData\Local\atom\bin;C:\Users\Brandon Tsang\AppData\Local\GitHubDesktop\bin;C:\Users\Brandon Tsang\AppData\Local\Microsoft\WindowsApps;C:\Users\Brandon Tsang\AppData\Roaming\npm;
USERNAME=Brandon Tsang
OS=Windows_NT
PROCESSOR_IDENTIFIER=Intel64 Family 6 Model 60 Stepping 3, GenuineIntel



---------------  S Y S T E M  ---------------

OS: Windows 10 , 64 bit Build 17134 (10.0.17134.1)

CPU:total 4 (initial active 4) (4 cores per cpu, 1 threads per core) family 6 model 60 stepping 3, cmov, cx8, fxsr, mmx, sse, sse2, sse3, ssse3, sse4.1, sse4.2, popcnt, avx, avx2, aes, clmul, erms, lzcnt, tsc, tscinvbit, bmi1, bmi2, fma

Memory: 4k page, physical 8329036k(1100296k free), swap 20925276k(3248336k free)

vm_info: Java HotSpot(TM) 64-Bit Server VM (10.0.1+10) for windows-amd64 JRE (10.0.1+10), built on Mar 27 2018 02:27:48 by "mach5one" with MS VC++ 12.0 (VS2013)

END.
